<?xml version="1.0" encoding="UTF-8"?>
<!-- Generated by org.testng.reporters.JUnitReportReporter -->
<testsuite hostname="Aditya" failures="0" tests="1" name="com.capstone.tests.E2ERegisterTest" time="99.069" errors="0" timestamp="2025-09-08T17:00:56 IST" skipped="0">
  <testcase classname="com.capstone.tests.E2ERegisterTest" name="testEndToEndEcommerceFlow" time="99.069"/>
</testsuite> <!-- com.capstone.tests.E2ERegisterTest -->
