<?xml version="1.0" encoding="UTF-8"?>
<!-- Generated by org.testng.reporters.JUnitReportReporter -->
<testsuite hostname="Aditya" failures="0" tests="1" name="com.capstone.tests.RegisterTest" time="24.021" errors="0" timestamp="2025-09-08T17:00:56 IST" skipped="0">
  <testcase classname="com.capstone.tests.RegisterTest" name="registerNewUser" time="24.021"/>
</testsuite> <!-- com.capstone.tests.RegisterTest -->
